0 info it worked if it ends with ok
1 verbose cli [ 'C:\\Program Files (x86)\\nodejs\\node.exe',
1 verbose cli   'C:\\Program Files (x86)\\nodejs\\node_modules\\npm\\bin\\npm-cli.js',
1 verbose cli   'install',
1 verbose cli   'grunt-text-replace',
1 verbose cli   '--save-dev' ]
2 info using npm@2.15.8
3 info using node@v4.4.7
4 verbose install initial load of C:\Users\gaito\Documents\Apache\htdocs\GitHub\webaudio-tinysynth\package.json
5 verbose installManyTop reading scoped package data from C:\Users\gaito\Documents\Apache\htdocs\GitHub\webaudio-tinysynth\node_modules\grunt\package.json
6 verbose installManyTop reading scoped package data from C:\Users\gaito\Documents\Apache\htdocs\GitHub\webaudio-tinysynth\node_modules\grunt-contrib\package.json
7 verbose installManyTop reading scoped package data from C:\Users\gaito\Documents\Apache\htdocs\GitHub\webaudio-tinysynth\node_modules\grunt-contrib-clean\package.json
8 verbose installManyTop reading scoped package data from C:\Users\gaito\Documents\Apache\htdocs\GitHub\webaudio-tinysynth\node_modules\grunt-contrib-coffee\package.json
9 verbose installManyTop reading scoped package data from C:\Users\gaito\Documents\Apache\htdocs\GitHub\webaudio-tinysynth\node_modules\grunt-contrib-compass\package.json
10 verbose installManyTop reading scoped package data from C:\Users\gaito\Documents\Apache\htdocs\GitHub\webaudio-tinysynth\node_modules\grunt-contrib-compress\package.json
11 verbose installManyTop reading scoped package data from C:\Users\gaito\Documents\Apache\htdocs\GitHub\webaudio-tinysynth\node_modules\grunt-contrib-concat\package.json
12 verbose installManyTop reading scoped package data from C:\Users\gaito\Documents\Apache\htdocs\GitHub\webaudio-tinysynth\node_modules\grunt-contrib-connect\package.json
13 verbose installManyTop reading scoped package data from C:\Users\gaito\Documents\Apache\htdocs\GitHub\webaudio-tinysynth\node_modules\grunt-contrib-copy\package.json
14 verbose installManyTop reading scoped package data from C:\Users\gaito\Documents\Apache\htdocs\GitHub\webaudio-tinysynth\node_modules\grunt-contrib-csslint\package.json
15 verbose installManyTop reading scoped package data from C:\Users\gaito\Documents\Apache\htdocs\GitHub\webaudio-tinysynth\node_modules\grunt-contrib-cssmin\package.json
16 verbose installManyTop reading scoped package data from C:\Users\gaito\Documents\Apache\htdocs\GitHub\webaudio-tinysynth\node_modules\grunt-contrib-handlebars\package.json
17 verbose installManyTop reading scoped package data from C:\Users\gaito\Documents\Apache\htdocs\GitHub\webaudio-tinysynth\node_modules\grunt-contrib-htmlmin\package.json
18 verbose installManyTop reading scoped package data from C:\Users\gaito\Documents\Apache\htdocs\GitHub\webaudio-tinysynth\node_modules\grunt-contrib-imagemin\package.json
19 verbose installManyTop reading scoped package data from C:\Users\gaito\Documents\Apache\htdocs\GitHub\webaudio-tinysynth\node_modules\grunt-contrib-jade\package.json
20 verbose installManyTop reading scoped package data from C:\Users\gaito\Documents\Apache\htdocs\GitHub\webaudio-tinysynth\node_modules\grunt-contrib-jasmine\package.json
21 verbose installManyTop reading scoped package data from C:\Users\gaito\Documents\Apache\htdocs\GitHub\webaudio-tinysynth\node_modules\grunt-contrib-jshint\package.json
22 verbose installManyTop reading scoped package data from C:\Users\gaito\Documents\Apache\htdocs\GitHub\webaudio-tinysynth\node_modules\grunt-contrib-jst\package.json
23 verbose installManyTop reading scoped package data from C:\Users\gaito\Documents\Apache\htdocs\GitHub\webaudio-tinysynth\node_modules\grunt-contrib-less\package.json
24 verbose installManyTop reading scoped package data from C:\Users\gaito\Documents\Apache\htdocs\GitHub\webaudio-tinysynth\node_modules\grunt-contrib-nodeunit\package.json
25 verbose installManyTop reading scoped package data from C:\Users\gaito\Documents\Apache\htdocs\GitHub\webaudio-tinysynth\node_modules\grunt-contrib-qunit\package.json
26 verbose installManyTop reading scoped package data from C:\Users\gaito\Documents\Apache\htdocs\GitHub\webaudio-tinysynth\node_modules\grunt-contrib-requirejs\package.json
27 verbose installManyTop reading scoped package data from C:\Users\gaito\Documents\Apache\htdocs\GitHub\webaudio-tinysynth\node_modules\grunt-contrib-sass\package.json
28 verbose installManyTop reading scoped package data from C:\Users\gaito\Documents\Apache\htdocs\GitHub\webaudio-tinysynth\node_modules\grunt-contrib-stylus\package.json
29 verbose installManyTop reading scoped package data from C:\Users\gaito\Documents\Apache\htdocs\GitHub\webaudio-tinysynth\node_modules\grunt-contrib-symlink\package.json
30 verbose installManyTop reading scoped package data from C:\Users\gaito\Documents\Apache\htdocs\GitHub\webaudio-tinysynth\node_modules\grunt-contrib-uglify\package.json
31 verbose installManyTop reading scoped package data from C:\Users\gaito\Documents\Apache\htdocs\GitHub\webaudio-tinysynth\node_modules\grunt-contrib-watch\package.json
32 verbose installManyTop reading scoped package data from C:\Users\gaito\Documents\Apache\htdocs\GitHub\webaudio-tinysynth\node_modules\grunt-contrib-yuidoc\package.json
33 verbose installManyTop reading scoped package data from C:\Users\gaito\Documents\Apache\htdocs\GitHub\webaudio-tinysynth\node_modules\grunt-include-file\package.json
34 verbose installManyTop reading scoped package data from C:\Users\gaito\Documents\Apache\htdocs\GitHub\webaudio-tinysynth\node_modules\grunt-include-replace\package.json
35 info package.json grunt-include-file@0.1.3 No license field.
36 info package.json grunt-contrib-compass@0.7.2 No license field.
37 info package.json grunt-contrib-concat@0.4.0 No license field.
38 info package.json grunt-contrib-compress@0.8.0 No license field.
39 info package.json grunt-contrib-clean@0.5.0 No license field.
40 info package.json grunt-contrib@0.11.0 No license field.
41 info package.json grunt-contrib-coffee@0.10.1 No license field.
42 info package.json grunt-contrib-copy@0.5.0 No license field.
43 info package.json grunt-contrib-handlebars@0.8.0 No license field.
44 info package.json grunt-contrib-csslint@0.2.0 No license field.
45 info package.json grunt-contrib-htmlmin@0.2.0 No license field.
46 info package.json grunt-contrib-jshint@0.10.0 No license field.
47 info package.json grunt-contrib-less@0.11.4 No license field.
48 info package.json grunt-contrib-connect@0.7.1 No license field.
49 info package.json grunt-contrib-imagemin@0.7.2 No license field.
50 info package.json grunt-contrib-cssmin@0.9.0 No license field.
51 info package.json grunt-contrib-qunit@0.4.0 No license field.
52 info package.json grunt-contrib-jade@0.11.0 No license field.
53 info package.json grunt-contrib-nodeunit@0.3.3 No license field.
54 info package.json grunt-contrib-jst@0.6.0 No license field.
55 info package.json grunt-contrib-sass@0.7.4 No license field.
56 info package.json grunt-contrib-jasmine@0.6.5 No license field.
57 info package.json grunt-contrib-requirejs@0.4.4 No license field.
58 info package.json grunt-contrib-stylus@0.15.1 No license field.
59 info package.json grunt-contrib-yuidoc@0.5.2 No license field.
60 info package.json grunt-contrib-symlink@0.3.0 No license field.
61 verbose readDependencies loading dependencies from C:\Users\gaito\Documents\Apache\htdocs\GitHub\webaudio-tinysynth\package.json
62 silly cache add args [ 'grunt-text-replace', null ]
63 verbose cache add spec grunt-text-replace
64 silly cache add parsed spec Result {
64 silly cache add   raw: 'grunt-text-replace',
64 silly cache add   scope: null,
64 silly cache add   name: 'grunt-text-replace',
64 silly cache add   rawSpec: '',
64 silly cache add   spec: 'latest',
64 silly cache add   type: 'tag' }
65 silly addNamed grunt-text-replace@latest
66 verbose addNamed "latest" is being treated as a dist-tag for grunt-text-replace
67 info addNameTag [ 'grunt-text-replace', 'latest' ]
68 silly mapToRegistry name grunt-text-replace
69 silly mapToRegistry using default registry
70 silly mapToRegistry registry https://registry.npmjs.org/
71 silly mapToRegistry data Result {
71 silly mapToRegistry   raw: 'grunt-text-replace',
71 silly mapToRegistry   scope: null,
71 silly mapToRegistry   name: 'grunt-text-replace',
71 silly mapToRegistry   rawSpec: '',
71 silly mapToRegistry   spec: 'latest',
71 silly mapToRegistry   type: 'tag' }
72 silly mapToRegistry uri https://registry.npmjs.org/grunt-text-replace
73 verbose addNameTag registry:https://registry.npmjs.org/grunt-text-replace not in flight; fetching
74 verbose request uri https://registry.npmjs.org/grunt-text-replace
75 verbose request no auth needed
76 info attempt registry request try #1 at 22:41:17
77 verbose request id a37a6868d3e4324a
78 http request GET https://registry.npmjs.org/grunt-text-replace
79 http 200 https://registry.npmjs.org/grunt-text-replace
80 verbose headers { server: 'nginx/1.10.1',
80 verbose headers   'content-type': 'application/json',
80 verbose headers   'last-modified': 'Sat, 22 Oct 2016 22:51:49 GMT',
80 verbose headers   etag: 'W/"580bed85-b4ec"',
80 verbose headers   'content-encoding': 'gzip',
80 verbose headers   'cache-control': 'max-age=300',
80 verbose headers   'content-length': '6696',
80 verbose headers   'accept-ranges': 'bytes',
80 verbose headers   date: 'Sun, 05 Mar 2017 13:41:17 GMT',
80 verbose headers   via: '1.1 varnish',
80 verbose headers   age: '0',
80 verbose headers   connection: 'keep-alive',
80 verbose headers   'x-served-by': 'cache-syd1623-SYD',
80 verbose headers   'x-cache': 'MISS',
80 verbose headers   'x-cache-hits': '0',
80 verbose headers   'x-timer': 'S1488721277.411153,VS0,VE1',
80 verbose headers   vary: 'Accept-Encoding' }
81 silly get cb [ 200,
81 silly get   { server: 'nginx/1.10.1',
81 silly get     'content-type': 'application/json',
81 silly get     'last-modified': 'Sat, 22 Oct 2016 22:51:49 GMT',
81 silly get     etag: 'W/"580bed85-b4ec"',
81 silly get     'content-encoding': 'gzip',
81 silly get     'cache-control': 'max-age=300',
81 silly get     'content-length': '6696',
81 silly get     'accept-ranges': 'bytes',
81 silly get     date: 'Sun, 05 Mar 2017 13:41:17 GMT',
81 silly get     via: '1.1 varnish',
81 silly get     age: '0',
81 silly get     connection: 'keep-alive',
81 silly get     'x-served-by': 'cache-syd1623-SYD',
81 silly get     'x-cache': 'MISS',
81 silly get     'x-cache-hits': '0',
81 silly get     'x-timer': 'S1488721277.411153,VS0,VE1',
81 silly get     vary: 'Accept-Encoding' } ]
82 verbose get saving grunt-text-replace to C:\Users\gaito\AppData\Roaming\npm-cache\registry.npmjs.org\grunt-text-replace\.cache.json
83 verbose correctMkdir C:\Users\gaito\AppData\Roaming\npm-cache correctMkdir not in flight; initializing
84 silly addNameTag next cb for grunt-text-replace with tag latest
85 silly addNamed grunt-text-replace@0.4.0
86 verbose addNamed "0.4.0" is a plain semver version for grunt-text-replace
87 silly mapToRegistry name grunt-text-replace
88 silly mapToRegistry using default registry
89 silly mapToRegistry registry https://registry.npmjs.org/
90 silly mapToRegistry data Result {
90 silly mapToRegistry   raw: 'grunt-text-replace',
90 silly mapToRegistry   scope: null,
90 silly mapToRegistry   name: 'grunt-text-replace',
90 silly mapToRegistry   rawSpec: '',
90 silly mapToRegistry   spec: 'latest',
90 silly mapToRegistry   type: 'tag' }
91 silly mapToRegistry uri https://registry.npmjs.org/grunt-text-replace
92 verbose addRemoteTarball https://registry.npmjs.org/grunt-text-replace/-/grunt-text-replace-0.4.0.tgz not in flight; adding
93 verbose addRemoteTarball [ 'https://registry.npmjs.org/grunt-text-replace/-/grunt-text-replace-0.4.0.tgz',
93 verbose addRemoteTarball   'db9d9ce59e2fe49da277e9dbc195c3e11cfb16c2' ]
94 info retry fetch attempt 1 at 22:41:18
95 info attempt registry request try #1 at 22:41:18
96 http fetch GET https://registry.npmjs.org/grunt-text-replace/-/grunt-text-replace-0.4.0.tgz
97 http fetch 200 https://registry.npmjs.org/grunt-text-replace/-/grunt-text-replace-0.4.0.tgz
98 silly fetchAndShaCheck shasum db9d9ce59e2fe49da277e9dbc195c3e11cfb16c2
99 verbose addTmpTarball C:\Users\gaito\AppData\Local\Temp\npm-11504-92ca0133\registry.npmjs.org\grunt-text-replace\-\grunt-text-replace-0.4.0.tgz not in flight; adding
100 verbose addTmpTarball already have metadata; skipping unpack for grunt-text-replace@0.4.0
101 verbose correctMkdir C:\Users\gaito\AppData\Roaming\npm-cache correctMkdir not in flight; initializing
102 silly cache afterAdd grunt-text-replace@0.4.0
103 verbose afterAdd C:\Users\gaito\AppData\Roaming\npm-cache\grunt-text-replace\0.4.0\package\package.json not in flight; writing
104 verbose correctMkdir C:\Users\gaito\AppData\Roaming\npm-cache correctMkdir not in flight; initializing
105 verbose afterAdd C:\Users\gaito\AppData\Roaming\npm-cache\grunt-text-replace\0.4.0\package\package.json written
106 silly install resolved [ { name: 'grunt-text-replace',
106 silly install resolved     description: 'Replace text in files using strings, regexs or functions.',
106 silly install resolved     version: '0.4.0',
106 silly install resolved     homepage: 'https://github.com/yoniholmes/grunt-text-replace',
106 silly install resolved     author: { name: 'Jonathan Holmes' },
106 silly install resolved     repository:
106 silly install resolved      { type: 'git',
106 silly install resolved        url: 'https://github.com/yoniholmes/grunt-text-replace.git' },
106 silly install resolved     bugs: { url: 'https://github.com/yoniholmes/grunt-text-replace/issues' },
106 silly install resolved     licenses: [ [Object] ],
106 silly install resolved     main: 'Gruntfile.js',
106 silly install resolved     engines: { node: '>= 0.8.0' },
106 silly install resolved     scripts: { test: 'grunt --force' },
106 silly install resolved     devDependencies:
106 silly install resolved      { grunt: '>= 0.4.1',
106 silly install resolved        'grunt-contrib-jshint': '>= 0.6.3',
106 silly install resolved        'grunt-contrib-nodeunit': '>= 0.2.0',
106 silly install resolved        sinon: '^1.12.1' },
106 silly install resolved     keywords: [ 'gruntplugin', 'replace', 'text', 'string', 'regex', 'function' ],
106 silly install resolved     dependencies: {},
106 silly install resolved     gitHead: '742013661eba90e251bc94ff8c06fbd6a1193ac0',
106 silly install resolved     _id: 'grunt-text-replace@0.4.0',
106 silly install resolved     _shasum: 'db9d9ce59e2fe49da277e9dbc195c3e11cfb16c2',
106 silly install resolved     _from: 'grunt-text-replace@latest',
106 silly install resolved     _npmVersion: '1.4.28',
106 silly install resolved     _npmUser: { name: 'yoniholmes', email: 'j.h.london.uk@gmail.com' },
106 silly install resolved     maintainers: [ [Object] ],
106 silly install resolved     dist:
106 silly install resolved      { shasum: 'db9d9ce59e2fe49da277e9dbc195c3e11cfb16c2',
106 silly install resolved        tarball: 'https://registry.npmjs.org/grunt-text-replace/-/grunt-text-replace-0.4.0.tgz' },
106 silly install resolved     directories: {},
106 silly install resolved     _resolved: 'https://registry.npmjs.org/grunt-text-replace/-/grunt-text-replace-0.4.0.tgz' } ]
107 info install grunt-text-replace@0.4.0 into C:\Users\gaito\Documents\Apache\htdocs\GitHub\webaudio-tinysynth
108 info installOne grunt-text-replace@0.4.0
109 verbose installOne of grunt-text-replace to C:\Users\gaito\Documents\Apache\htdocs\GitHub\webaudio-tinysynth not in flight; installing
110 verbose correctMkdir C:\Users\gaito\AppData\Roaming\npm-cache\_locks correctMkdir not in flight; initializing
111 verbose lock using C:\Users\gaito\AppData\Roaming\npm-cache\_locks\grunt-text-replace-76a8b02387f1ac09.lock for C:\Users\gaito\Documents\Apache\htdocs\GitHub\webaudio-tinysynth\node_modules\grunt-text-replace
112 silly install write writing grunt-text-replace 0.4.0 to C:\Users\gaito\Documents\Apache\htdocs\GitHub\webaudio-tinysynth\node_modules\grunt-text-replace
113 verbose unbuild node_modules\grunt-text-replace
114 silly gentlyRm C:\Users\gaito\Documents\Apache\htdocs\GitHub\webaudio-tinysynth\node_modules\grunt-text-replace is being purged from base C:\Users\gaito\Documents\Apache\htdocs\GitHub\webaudio-tinysynth
115 verbose gentlyRm don't care about contents; nuking C:\Users\gaito\Documents\Apache\htdocs\GitHub\webaudio-tinysynth\node_modules\grunt-text-replace
116 verbose tar unpack C:\Users\gaito\AppData\Roaming\npm-cache\grunt-text-replace\0.4.0\package.tgz
117 verbose tar unpacking to C:\Users\gaito\Documents\Apache\htdocs\GitHub\webaudio-tinysynth\node_modules\grunt-text-replace
118 silly gentlyRm C:\Users\gaito\Documents\Apache\htdocs\GitHub\webaudio-tinysynth\node_modules\grunt-text-replace is being purged
119 verbose gentlyRm don't care about contents; nuking C:\Users\gaito\Documents\Apache\htdocs\GitHub\webaudio-tinysynth\node_modules\grunt-text-replace
120 silly gunzTarPerm modes [ '777', '666' ]
121 silly gunzTarPerm extractEntry package.json
122 silly gunzTarPerm modified mode [ 'package.json', 420, 438 ]
123 silly gunzTarPerm extractEntry .npmignore
124 silly gunzTarPerm modified mode [ '.npmignore', 420, 438 ]
125 silly gunzTarPerm extractEntry README.md
126 silly gunzTarPerm modified mode [ 'README.md', 420, 438 ]
127 silly gunzTarPerm extractEntry Gruntfile.js
128 silly gunzTarPerm modified mode [ 'Gruntfile.js', 420, 438 ]
129 silly gunzTarPerm extractEntry .travis.yml
130 silly gunzTarPerm modified mode [ '.travis.yml', 420, 438 ]
131 silly gunzTarPerm extractEntry LICENSE-MIT
132 silly gunzTarPerm modified mode [ 'LICENSE-MIT', 420, 438 ]
133 silly gunzTarPerm extractEntry .editorconfig
134 silly gunzTarPerm modified mode [ '.editorconfig', 420, 438 ]
135 silly gunzTarPerm extractEntry lib/grunt-text-replace.js
136 silly gunzTarPerm modified mode [ 'lib/grunt-text-replace.js', 420, 438 ]
137 silly gunzTarPerm extractEntry test/text-replace-error-tests.js
138 silly gunzTarPerm modified mode [ 'test/text-replace-error-tests.js', 420, 438 ]
139 silly gunzTarPerm extractEntry test/text-replace-functional-tests.js
140 silly gunzTarPerm modified mode [ 'test/text-replace-functional-tests.js', 420, 438 ]
141 silly gunzTarPerm extractEntry test/text-replace-unit-tests.js
142 silly gunzTarPerm modified mode [ 'test/text-replace-unit-tests.js', 420, 438 ]
143 silly gunzTarPerm extractEntry test/text_files/example.txt
144 silly gunzTarPerm modified mode [ 'test/text_files/example.txt', 420, 438 ]
145 silly gunzTarPerm extractEntry test/text_files/expected-result.txt
146 silly gunzTarPerm modified mode [ 'test/text_files/expected-result.txt', 420, 438 ]
147 silly gunzTarPerm extractEntry test/text_files/template-example.txt
148 silly gunzTarPerm modified mode [ 'test/text_files/template-example.txt', 420, 438 ]
149 silly gunzTarPerm extractEntry test/text_files/template-expected-result.txt
150 silly gunzTarPerm modified mode [ 'test/text_files/template-expected-result.txt', 420, 438 ]
151 silly gunzTarPerm extractEntry test/text_files/test.txt
152 silly gunzTarPerm modified mode [ 'test/text_files/test.txt', 420, 438 ]
153 silly gunzTarPerm extractEntry .jshintrc
154 silly gunzTarPerm modified mode [ '.jshintrc', 420, 438 ]
155 silly gunzTarPerm extractEntry tasks/text-replace.js
156 silly gunzTarPerm modified mode [ 'tasks/text-replace.js', 420, 438 ]
157 verbose write writing to C:\Users\gaito\Documents\Apache\htdocs\GitHub\webaudio-tinysynth\node_modules\grunt-text-replace\package.json
158 info preinstall grunt-text-replace@0.4.0
159 verbose readDependencies loading dependencies from C:\Users\gaito\Documents\Apache\htdocs\GitHub\webaudio-tinysynth\node_modules\grunt-text-replace\package.json
160 verbose readDependencies loading dependencies from C:\Users\gaito\Documents\Apache\htdocs\GitHub\webaudio-tinysynth\node_modules\grunt-text-replace\package.json
161 silly install resolved []
162 verbose about to build C:\Users\gaito\Documents\Apache\htdocs\GitHub\webaudio-tinysynth\node_modules\grunt-text-replace
163 info build C:\Users\gaito\Documents\Apache\htdocs\GitHub\webaudio-tinysynth\node_modules\grunt-text-replace
164 info linkStuff grunt-text-replace@0.4.0
165 silly linkStuff grunt-text-replace@0.4.0 has C:\Users\gaito\Documents\Apache\htdocs\GitHub\webaudio-tinysynth\node_modules as its parent node_modules
166 verbose linkBins grunt-text-replace@0.4.0
167 verbose linkMans grunt-text-replace@0.4.0
168 verbose rebuildBundles grunt-text-replace@0.4.0
169 info install grunt-text-replace@0.4.0
170 info postinstall grunt-text-replace@0.4.0
171 verbose unlock done using C:\Users\gaito\AppData\Roaming\npm-cache\_locks\grunt-text-replace-76a8b02387f1ac09.lock for C:\Users\gaito\Documents\Apache\htdocs\GitHub\webaudio-tinysynth\node_modules\grunt-text-replace
172 verbose validateInstall loading C:\Users\gaito\Documents\Apache\htdocs\GitHub\webaudio-tinysynth\package.json for validation
173 verbose stack Error: The package grunt-contrib-watch@1.0.0 does not satisfy its siblings' peerDependencies requirements!
173 verbose stack     at C:\Program Files (x86)\nodejs\node_modules\npm\lib\install.js:125:32
173 verbose stack     at C:\Program Files (x86)\nodejs\node_modules\npm\lib\install.js:268:7
173 verbose stack     at C:\Program Files (x86)\nodejs\node_modules\npm\node_modules\read-installed\read-installed.js:142:5
173 verbose stack     at C:\Program Files (x86)\nodejs\node_modules\npm\node_modules\read-installed\read-installed.js:263:14
173 verbose stack     at cb (C:\Program Files (x86)\nodejs\node_modules\npm\node_modules\slide\lib\async-map.js:47:24)
173 verbose stack     at C:\Program Files (x86)\nodejs\node_modules\npm\node_modules\read-installed\read-installed.js:263:14
173 verbose stack     at cb (C:\Program Files (x86)\nodejs\node_modules\npm\node_modules\slide\lib\async-map.js:47:24)
173 verbose stack     at C:\Program Files (x86)\nodejs\node_modules\npm\node_modules\read-installed\read-installed.js:263:14
173 verbose stack     at cb (C:\Program Files (x86)\nodejs\node_modules\npm\node_modules\slide\lib\async-map.js:47:24)
173 verbose stack     at C:\Program Files (x86)\nodejs\node_modules\npm\node_modules\read-installed\read-installed.js:263:14
174 verbose cwd C:\Users\gaito\Documents\Apache\htdocs\GitHub\webaudio-tinysynth
175 error Windows_NT 10.0.14393
176 error argv "C:\\Program Files (x86)\\nodejs\\node.exe" "C:\\Program Files (x86)\\nodejs\\node_modules\\npm\\bin\\npm-cli.js" "install" "grunt-text-replace" "--save-dev"
177 error node v4.4.7
178 error npm  v2.15.8
179 error code EPEERINVALID
180 error peerinvalid The package grunt-contrib-watch@1.0.0 does not satisfy its siblings' peerDependencies requirements!
180 error peerinvalid Peer grunt-contrib@0.11.0 wants grunt-contrib-watch@~0.6.0
181 verbose exit [ 1, true ]
